========================================================================================
Report      : INFO
Date        : Tue May 26 10:47:41 2015
Description : Time sync took: 15 ms; resolution= 15 ms, accuracy=5 us, time=1432651661,245000000, offset=1769735948 and frequency=2180292

Node        : dfeiock-vmx64
Process     : PID <3320> C:\Users\dfeiock.ADS\Documents\HDE\\x86.win32\bin\idlpp  -I C:\Users\dfeiock.ADS\Documents\HDE\\x86.win32/include/dcps/C++/CCPP/DDS_ACE_TAO_2_1_8 -C -l cpp -b CCPP/DDS_ACE_TAO_2_1_8 -d ./opensplice -I C:\Users\dfeiock.ADS\Documents\SEM\\Middle
Thread      : 3324
Internals   : V5.5.1OSS/os_serviceStart/code/os_service.c/793/0/264074177
========================================================================================
Report      : INFO
Date        : Tue May 26 10:53:09 2015
Description : Time sync took: 15 ms; resolution= 15 ms, accuracy=9 us, time=1432651989,289000000, offset=2484871917 and frequency=2180292

Node        : dfeiock-vmx64
Process     : PID <2040> C:\Users\dfeiock.ADS\Documents\HDE\\x86.win32\bin\idlpp  -I C:\Users\dfeiock.ADS\Documents\HDE\\x86.win32/include/dcps/C++/CCPP/DDS_ACE_TAO_2_1_8 -C -l cpp -b CCPP/DDS_ACE_TAO_2_1_8 -d ./opensplice -I C:\Users\dfeiock.ADS\Documents\SEM\\Middle
Thread      : 1524
Internals   : V5.5.1OSS/os_serviceStart/code/os_service.c/793/0/288768664
========================================================================================
Report      : INFO
Date        : Tue May 26 10:57:12 2015
Description : Time sync took: 156 ms; resolution= 15 ms, accuracy=9 us, time=1432652232,376000000, offset=3014818988 and frequency=2180292

Node        : dfeiock-vmx64
Process     : PID <2948> C:\Users\dfeiock.ADS\Documents\HDE\\x86.win32\bin\idlpp  -I C:\Users\dfeiock.ADS\Documents\HDE\\x86.win32/include/dcps/C++/CCPP/DDS_ACE_TAO_2_1_8 -C -l cpp -b CCPP/DDS_ACE_TAO_2_1_8 -d ./opensplice -I C:\Users\dfeiock.ADS\Documents\SEM\\Middle
Thread      : 3312
Internals   : V5.5.1OSS/os_serviceStart/code/os_service.c/793/0/367390808
========================================================================================
Report      : INFO
Date        : Tue May 26 11:06:45 2015
Description : Time sync took: 15 ms; resolution= 15 ms, accuracy=10 us, time=1432652805,428000000, offset=4263853823 and frequency=2180292

Node        : dfeiock-vmx64
Process     : PID <3564> C:\Users\dfeiock.ADS\Documents\HDE\\x86.win32\bin\idlpp  -I C:\Users\dfeiock.ADS\Documents\HDE\\x86.win32/include/dcps/C++/CCPP/DDS_ACE_TAO_2_1_8 -C -l cpp -b CCPP/DDS_ACE_TAO_2_1_8 -d ./opensplice -I C:\Users\dfeiock.ADS\Documents\SEM\\Middle
Thread      : 3360
Internals   : V5.5.1OSS/os_serviceStart/code/os_service.c/793/0/421937793
========================================================================================
Report      : INFO
Date        : Tue May 26 11:10:01 2015
Description : Time sync took: 187 ms; resolution= 16 ms, accuracy=9 us, time=1432653001,53000000, offset=4690373490 and frequency=2180292

Node        : dfeiock-vmx64
Process     : PID <2076> C:\Users\dfeiock.ADS\Documents\HDE\\x86.win32\bin\idlpp  -I C:\Users\dfeiock.ADS\Documents\HDE\\x86.win32/include/dcps/C++/CCPP/DDS_ACE_TAO_2_1_8 -C -l cpp -b CCPP/DDS_ACE_TAO_2_1_8 -d ./opensplice -I C:\Users\dfeiock.ADS\Documents\SEM\\Middle
Thread      : 3988
Internals   : V5.5.1OSS/os_serviceStart/code/os_service.c/793/0/160986555
========================================================================================
Report      : INFO
Date        : Tue May 26 11:14:01 2015
Description : Time sync took: 15 ms; resolution= 15 ms, accuracy=9 us, time=1432653241,860000000, offset=5215415101 and frequency=2180292

Node        : dfeiock-vmx64
Process     : PID <2684> C:\Users\dfeiock.ADS\Documents\HDE\\x86.win32\bin\idlpp  -I C:\Users\dfeiock.ADS\Documents\HDE\\x86.win32/include/dcps/C++/CCPP/DDS_ACE_TAO_2_1_8 -C -l cpp -b CCPP/DDS_ACE_TAO_2_1_8 -d ./opensplice -I C:\Users\dfeiock.ADS\Documents\SEM\\Middle
Thread      : 2688
Internals   : V5.5.1OSS/os_serviceStart/code/os_service.c/793/0/849532420
========================================================================================
Report      : INFO
Date        : Tue May 26 11:15:24 2015
Description : Time sync took: 31 ms; resolution= 15 ms, accuracy=14 us, time=1432653324,450000000, offset=5395561613 and frequency=2180292

Node        : dfeiock-vmx64
Process     : PID <4392> C:\Users\dfeiock.ADS\Documents\HDE\\x86.win32\bin\idlpp  -I C:\Users\dfeiock.ADS\Documents\HDE\\x86.win32/include/dcps/C++/CCPP/DDS_ACE_TAO_2_1_8 -C -l cpp -b CCPP/DDS_ACE_TAO_2_1_8 -d ./opensplice -I C:\Users\dfeiock.ADS\Documents\SEM\\Middle
Thread      : 4556
Internals   : V5.5.1OSS/os_serviceStart/code/os_service.c/793/0/437378248
========================================================================================
Report      : INFO
Date        : Tue May 26 11:28:57 2015
Description : Time sync took: 31 ms; resolution= 15 ms, accuracy=7 us, time=1432654137,915000000, offset=7168786242 and frequency=2180292

Node        : dfeiock-vmx64
Process     : PID <4148> C:\Users\dfeiock.ADS\Documents\HDE\\x86.win32\bin\idlpp  -I C:\Users\dfeiock.ADS\Documents\HDE\\x86.win32/include/dcps/C++/CCPP/DDS_ACE_TAO_2_1_8 -C -l cpp -b CCPP/DDS_ACE_TAO_2_1_8 -d ./opensplice -I C:\Users\dfeiock.ADS\Documents\SEM\\Middle
Thread      : 4808
Internals   : V5.5.1OSS/os_serviceStart/code/os_service.c/793/0/912564063
========================================================================================
Report      : INFO
Date        : Tue May 26 11:37:35 2015
Description : Time sync took: 437 ms; resolution= 15 ms, accuracy=12 us, time=1432654655,461000000, offset=8297155545 and frequency=2180292

Node        : dfeiock-vmx64
Process     : PID <3168> C:\Users\dfeiock.ADS\Documents\HDE\\x86.win32\bin\idlpp  -I C:\Users\dfeiock.ADS\Documents\HDE\\x86.win32/include/dcps/C++/CCPP/DDS_ACE_TAO_2_1_8 -C -l cpp -b CCPP/DDS_ACE_TAO_2_1_8 -d ./opensplice -I C:\Users\dfeiock.ADS\Documents\SEM\\Middle
Thread      : 3288
Internals   : V5.5.1OSS/os_serviceStart/code/os_service.c/793/0/454356576
========================================================================================
Report      : INFO
Date        : Tue May 26 11:43:28 2015
Description : Time sync took: 156 ms; resolution= 16 ms, accuracy=9 us, time=1432655008,594000000, offset=9067548126 and frequency=2180292

Node        : dfeiock-vmx64
Process     : PID <4240> C:\Users\dfeiock.ADS\Documents\HDE\\x86.win32\bin\idlpp  -I C:\Users\dfeiock.ADS\Documents\HDE\\x86.win32/include/dcps/C++/CCPP/DDS_ACE_TAO_2_1_8 -C -l cpp -b CCPP/DDS_ACE_TAO_2_1_8 -d ./opensplice -I C:\Users\dfeiock.ADS\Documents\SEM\\Middle
Thread      : 4428
Internals   : V5.5.1OSS/os_serviceStart/code/os_service.c/793/0/601147587
========================================================================================
Report      : INFO
Date        : Tue May 26 11:48:34 2015
Description : Time sync took: 265 ms; resolution= 15 ms, accuracy=9 us, time=1432655314,466000000, offset=9734444957 and frequency=2180292

Node        : dfeiock-vmx64
Process     : PID <3664> C:\Users\dfeiock.ADS\Documents\HDE\\x86.win32\bin\idlpp  -I C:\Users\dfeiock.ADS\Documents\HDE\\x86.win32/include/dcps/C++/CCPP/DDS_ACE_TAO_2_1_8 -C -l cpp -b CCPP/DDS_ACE_TAO_2_1_8 -d ./opensplice -I C:\Users\dfeiock.ADS\Documents\SEM\\Middle
Thread      : 3888
Internals   : V5.5.1OSS/os_serviceStart/code/os_service.c/793/0/455078352
========================================================================================
Report      : INFO
Date        : Tue May 26 11:52:27 2015
Description : Time sync took: 281 ms; resolution= 15 ms, accuracy=10 us, time=1432655547,112000000, offset=10241703476 and frequency=2180292

Node        : dfeiock-vmx64
Process     : PID <4520> C:\Users\dfeiock.ADS\Documents\HDE\\x86.win32\bin\idlpp  -I C:\Users\dfeiock.ADS\Documents\HDE\\x86.win32/include/dcps/C++/CCPP/DDS_ACE_TAO_2_1_8 -C -l cpp -b CCPP/DDS_ACE_TAO_2_1_8 -d ./opensplice -I C:\Users\dfeiock.ADS\Documents\SEM\\Middle
Thread      : 3844
Internals   : V5.5.1OSS/os_serviceStart/code/os_service.c/793/0/103545145
========================================================================================
Report      : INFO
Date        : Tue May 26 11:55:19 2015
Description : Time sync took: 78 ms; resolution= 15 ms, accuracy=8 us, time=1432655719,902000000, offset=10618485191 and frequency=2180292

Node        : dfeiock-vmx64
Process     : PID <4112> C:\Users\dfeiock.ADS\Documents\HDE\\x86.win32\bin\idlpp  -I C:\Users\dfeiock.ADS\Documents\HDE\\x86.win32/include/dcps/C++/CCPP/DDS_ACE_TAO_2_1_8 -C -l cpp -b CCPP/DDS_ACE_TAO_2_1_8 -d ./opensplice -I C:\Users\dfeiock.ADS\Documents\SEM\\Middle
Thread      : 4008
Internals   : V5.5.1OSS/os_serviceStart/code/os_service.c/793/0/897753882
========================================================================================
Report      : INFO
Date        : Tue May 26 11:58:50 2015
Description : Time sync took: 31 ms; resolution= 15 ms, accuracy=8 us, time=1432655930,887000000, offset=11078492726 and frequency=2180292

Node        : dfeiock-vmx64
Process     : PID <2884> C:\Users\dfeiock.ADS\Documents\HDE\\x86.win32\bin\idlpp  -I C:\Users\dfeiock.ADS\Documents\HDE\\x86.win32/include/dcps/C++/CCPP/DDS_ACE_TAO_2_1_8 -C -l cpp -b CCPP/DDS_ACE_TAO_2_1_8 -d ./opensplice -I C:\Users\dfeiock.ADS\Documents\SEM\\Middle
Thread      : 5008
Internals   : V5.5.1OSS/os_serviceStart/code/os_service.c/793/0/886696805
========================================================================================
Report      : INFO
Date        : Tue May 26 12:03:05 2015
Description : Time sync took: 31 ms; resolution= 15 ms, accuracy=13 us, time=1432656185,484000000, offset=11633649564 and frequency=2180292

Node        : dfeiock-vmx64
Process     : PID <3528> C:\Users\dfeiock.ADS\Documents\HDE\\x86.win32\bin\idlpp  -I C:\Users\dfeiock.ADS\Documents\HDE\\x86.win32/include/dcps/C++/CCPP/DDS_ACE_TAO_2_1_8 -C -l cpp -b CCPP/DDS_ACE_TAO_2_1_8 -d ./opensplice -I C:\Users\dfeiock.ADS\Documents\SEM\\Middle
Thread      : 2160
Internals   : V5.5.1OSS/os_serviceStart/code/os_service.c/793/0/475140612
========================================================================================
Report      : INFO
Date        : Wed May 27 09:47:58 2015
Description : Time sync took: 31 ms; resolution= 15 ms, accuracy=5 us, time=1432734478,213000000, offset=53526291003 and frequency=2180292

Node        : dfeiock-vmx64
Process     : PID <3452> C:\Users\dfeiock.ADS\Documents\HDE\\x86.win32\bin\idlpp  -I C:\Users\dfeiock.ADS\Documents\HDE\\x86.win32/include/dcps/C++/CCPP/DDS_ACE_TAO_2_1_8 -C -l cpp -b CCPP/DDS_ACE_TAO_2_1_8 -d ./opensplice -I C:\Users\dfeiock.ADS\Documents\SEM\\Middle
Thread      : 3244
Internals   : V5.5.1OSS/os_serviceStart/code/os_service.c/793/0/228923760
========================================================================================
Report      : INFO
Date        : Thu Jun 04 09:58:30 2015
Description : Time sync took: 15 ms; resolution= 15 ms, accuracy=5 us, time=1433426310,648000000, offset=313811378444 and frequency=2180146

Node        : dfeiock-vmx64
Process     : PID <3200> C:\Users\dfeiock.ADS\Documents\HDE\\x86.win32\bin\idlpp  -I C:\Users\dfeiock.ADS\Documents\HDE\\x86.win32/include/dcps/C++/CCPP/DDS_ACE_TAO_2_1_8 -C -l cpp -b CCPP/DDS_ACE_TAO_2_1_8 -d ./opensplice -I C:\Users\dfeiock.ADS\Documents\SEM\\Middle
Thread      : 4812
Internals   : V5.5.1OSS/os_serviceStart/code/os_service.c/793/0/635294009
